android/app/build/intermediates/manifest_merge_blame_file/release/manifest-merger-blame-release-report.txt
1<?xml version="1.0" encoding="utf-8"?>
2<manifest xmlns:android="http://schemas.android.com/apk/res/android"
3    package="com.bluediscover"
4    android:versionCode="1"
5    android:versionName="1.0" >
6
7    <uses-sdk
8        android:minSdkVersion="16"
8-->src/main/AndroidManifest.xml
9        android:targetSdkVersion="29" />
9-->src/main/AndroidManifest.xml
10
11    <uses-permission android:name="android.permission.INTERNET" />
11-->src/main/AndroidManifest.xml:4:5-67
11-->src/main/AndroidManifest.xml:4:22-64
12    <uses-permission android:name="android.permission.BLUETOOTH" />
12-->src/main/AndroidManifest.xml:5:9-71
12-->src/main/AndroidManifest.xml:5:26-69
13    <uses-permission android:name="android.permission.BLUETOOTH_ADMIN" />
13-->src/main/AndroidManifest.xml:6:5-73
13-->src/main/AndroidManifest.xml:6:22-71
14    <uses-permission android:name="android.permission.ACCESS_FINE_LOCATION" />
14-->src/main/AndroidManifest.xml:7:5-79
14-->src/main/AndroidManifest.xml:7:22-76
15    <uses-permission android:name="android.permission.ACCESS_COARSE_LOCATION" />
15-->[:react-native-ble-manager] AndroidManifest.xml:9:5-81
15-->[:react-native-ble-manager] AndroidManifest.xml:9:22-78
16
17    <uses-feature
17-->[:react-native-ble-manager] AndroidManifest.xml:11:5-13:36
18        android:name="android.hardware.bluetooth_le"
18-->[:react-native-ble-manager] AndroidManifest.xml:12:9-53
19        android:required="false" />
19-->[:react-native-ble-manager] AndroidManifest.xml:13:9-33
20
21    <application
21-->src/main/AndroidManifest.xml:9:5-28:19
22        android:name="com.bluediscover.MainApplication"
22-->src/main/AndroidManifest.xml:10:7-38
23        android:allowBackup="false"
23-->src/main/AndroidManifest.xml:14:7-34
24        android:appComponentFactory="androidx.core.app.CoreComponentFactory"
24-->[androidx.core:core:1.0.1] AndroidManifest.xml:22:18-86
25        android:icon="@mipmap/ic_launcher"
25-->src/main/AndroidManifest.xml:12:7-41
26        android:label="@string/app_name"
26-->src/main/AndroidManifest.xml:11:7-39
27        android:roundIcon="@mipmap/ic_launcher_round"
27-->src/main/AndroidManifest.xml:13:7-52
28        android:theme="@style/AppTheme" >
28-->src/main/AndroidManifest.xml:15:7-38
29        <activity
29-->src/main/AndroidManifest.xml:16:7-26:18
30            android:name="com.bluediscover.MainActivity"
30-->src/main/AndroidManifest.xml:17:9-37
31            android:configChanges="keyboard|keyboardHidden|orientation|screenSize|uiMode"
31-->src/main/AndroidManifest.xml:19:9-86
32            android:label="@string/app_name"
32-->src/main/AndroidManifest.xml:18:9-41
33            android:launchMode="singleTask"
33-->src/main/AndroidManifest.xml:20:9-40
34            android:windowSoftInputMode="adjustResize" >
34-->src/main/AndroidManifest.xml:21:9-51
35            <intent-filter>
35-->src/main/AndroidManifest.xml:22:9-25:25
36                <action android:name="android.intent.action.MAIN" />
36-->src/main/AndroidManifest.xml:23:13-65
36-->src/main/AndroidManifest.xml:23:21-62
37
38                <category android:name="android.intent.category.LAUNCHER" />
38-->src/main/AndroidManifest.xml:24:13-73
38-->src/main/AndroidManifest.xml:24:23-70
39            </intent-filter>
40        </activity>
41        <activity android:name="com.facebook.react.devsupport.DevSettingsActivity" />
41-->src/main/AndroidManifest.xml:27:7-84
41-->src/main/AndroidManifest.xml:27:17-81
42    </application>
43
44</manifest>